<?xml version="1.0" encoding="utf-8"?><testsuites><testsuite errors="0" failures="0" hostname="DESKTOP-454JC8E" name="pytest" skipped="0" tests="8" time="0.046" timestamp="2019-12-18T10:35:09.398655"><testcase classname="Tests.test_menu.Test_test_menu" file="Tests\test_menu.py" line="12" name="test_init_scenes" time="0.001"></testcase><testcase classname="Tests.test_menu.Test_test_menu" file="Tests\test_menu.py" line="44" name="test_level_1" time="0.001"></testcase><testcase classname="Tests.test_menu.Test_test_menu" file="Tests\test_menu.py" line="52" name="test_level_2" time="0.002"></testcase><testcase classname="Tests.test_menu.Test_test_menu" file="Tests\test_menu.py" line="60" name="test_level_3" time="0.001"></testcase><testcase classname="Tests.test_menu.Test_test_menu" file="Tests\test_menu.py" line="30" name="test_levels" time="0.001"></testcase><testcase classname="Tests.test_menu.Test_test_menu" file="Tests\test_menu.py" line="15" name="test_main_menu" time="0.002"></testcase><testcase classname="Tests.test_menu.Test_test_menu" file="Tests\test_menu.py" line="23" name="test_main_menu_from_menu" time="0.001"></testcase><testcase classname="Tests.test_menu.Test_test_menu" file="Tests\test_menu.py" line="37" name="test_play" time="0.001"></testcase></testsuite></testsuites>