<?xml version="1.0" encoding="utf-8"?><testsuites><testsuite errors="0" failures="0" hostname="DESKTOP-454JC8E" name="pytest" skipped="0" tests="2" time="0.010" timestamp="2019-12-18T10:51:40.845199"><testcase classname="Tests.test_body.Test_test_body" file="Tests\test_body.py" line="15" name="test_angle" time="0.001"></testcase><testcase classname="Tests.test_body.Test_test_body" file="Tests\test_body.py" line="7" name="test_simple" time="0.001"></testcase></testsuite></testsuites>