<?xml version="1.0" encoding="utf-8"?><testsuites><testsuite errors="0" failures="1" hostname="DESKTOP-454JC8E" name="pytest" skipped="0" tests="1" time="0.044" timestamp="2019-12-17T21:59:05.772772"><testcase classname="Tests.test_graphics.Test_test_graphics" file="Tests\test_graphics.py" line="20" name="test_draw_stats_player" time="0.002"><failure message="NameError: name &apos;lib&apos; is not defined">self = &lt;test_graphics.Test_test_graphics testMethod=test_draw_stats_player&gt;

    def setUp(self):
        Graphics.pygame = MagicMock()
        self.lib = MagicMock()
        self.window = MagicMock()
&gt;       self.graphics = Graphics.Graphics(lib)
E       NameError: name &apos;lib&apos; is not defined

Tests\test_graphics.py:12: NameError</failure></testcase></testsuite></testsuites>