<?xml version="1.0" encoding="utf-8"?><testsuites><testsuite errors="0" failures="0" hostname="DESKTOP-454JC8E" name="pytest" skipped="0" tests="5" time="0.047" timestamp="2019-12-17T22:28:55.228505"><testcase classname="Tests.test_graphics.Test_test_graphics" file="Tests\test_graphics.py" line="33" name="test_draw_buttons" time="0.002"></testcase><testcase classname="Tests.test_graphics.Test_test_graphics" file="Tests\test_graphics.py" line="40" name="test_draw_debug_units" time="0.003"></testcase><testcase classname="Tests.test_graphics.Test_test_graphics" file="Tests\test_graphics.py" line="21" name="test_draw_stats_player" time="0.004"></testcase><testcase classname="Tests.test_graphics.Test_test_graphics" file="Tests\test_graphics.py" line="27" name="test_draw_unit" time="0.003"></testcase><testcase classname="Tests.test_graphics.Test_test_graphics" file="Tests\test_graphics.py" line="15" name="test_init" time="0.001"></testcase></testsuite></testsuites>