<?xml version="1.0" encoding="utf-8"?><testsuites><testsuite errors="0" failures="0" hostname="DESKTOP-454JC8E" name="pytest" skipped="0" tests="8" time="0.179" timestamp="2019-12-17T22:41:19.524042"><testcase classname="Tests.test_graphics.Test_test_graphics" file="Tests\test_graphics.py" line="33" name="test_draw_buttons" time="0.002"></testcase><testcase classname="Tests.test_graphics.Test_test_graphics" file="Tests\test_graphics.py" line="47" name="test_draw_debug_units" time="0.003"></testcase><testcase classname="Tests.test_graphics.Test_test_graphics" file="Tests\test_graphics.py" line="21" name="test_draw_stats_player" time="0.003"></testcase><testcase classname="Tests.test_graphics.Test_test_graphics" file="Tests\test_graphics.py" line="27" name="test_draw_unit" time="0.003"></testcase><testcase classname="Tests.test_graphics.Test_test_graphics" file="Tests\test_graphics.py" line="40" name="test_draw_units" time="0.004"></testcase><testcase classname="Tests.test_graphics.Test_test_graphics" file="Tests\test_graphics.py" line="15" name="test_init" time="0.002"></testcase><testcase classname="Tests.test_texture_lib.Test_test_texture_lib" file="Tests\test_texture_lib.py" line="7" name="test_init" time="0.120"></testcase><testcase classname="Tests.test_vector.Test_test_vector" file="Tests\test_vector.py" line="6" name="test_A" time="0.001"></testcase></testsuite></testsuites>