<?xml version="1.0" encoding="utf-8"?><testsuites><testsuite errors="0" failures="0" hostname="DESKTOP-454JC8E" name="pytest" skipped="0" tests="45" time="0.275" timestamp="2019-12-26T21:21:16.702657"><testcase classname="Tests.test_asteroid.Test_test_asteroid" file="Tests\test_asteroid.py" line="8" name="test_collision" time="0.002"></testcase><testcase classname="Tests.test_black_hole.Test_test_black_hole" file="Tests\test_black_hole.py" line="8" name="test_collision" time="0.001"></testcase><testcase classname="Tests.test_black_hole.Test_test_black_hole" file="Tests\test_black_hole.py" line="17" name="test_update" time="0.001"></testcase><testcase classname="Tests.test_body.Test_test_body" file="Tests\test_body.py" line="15" name="test_angle" time="0.000"></testcase><testcase classname="Tests.test_body.Test_test_body" file="Tests\test_body.py" line="7" name="test_simple" time="0.000"></testcase><testcase classname="Tests.test_bullet.Test_test_bullet" file="Tests\test_bullet.py" line="17" name="test_collision" time="0.000"></testcase><testcase classname="Tests.test_bullet.Test_test_bullet" file="Tests\test_bullet.py" line="8" name="test_update" time="0.003"></testcase><testcase classname="Tests.test_generator.Test_test_generator" file="Tests\test_generator.py" line="60" name="test_create_unit" time="0.001"></testcase><testcase classname="Tests.test_generator.Test_test_generator" file="Tests\test_generator.py" line="75" name="test_evolution" time="0.000"></testcase><testcase classname="Tests.test_generator.Test_test_generator" file="Tests\test_generator.py" line="9" name="test_init_levels" time="0.000"></testcase><testcase classname="Tests.test_generator.Test_test_generator" file="Tests\test_generator.py" line="14" name="test_level_1" time="0.000"></testcase><testcase classname="Tests.test_generator.Test_test_generator" file="Tests\test_generator.py" line="23" name="test_level_2" time="0.001"></testcase><testcase classname="Tests.test_generator.Test_test_generator" file="Tests\test_generator.py" line="32" name="test_level_3" time="0.001"></testcase><testcase classname="Tests.test_generator.Test_test_generator" file="Tests\test_generator.py" line="41" name="test_menu" time="0.001"></testcase><testcase classname="Tests.test_graphics.Test_test_graphics" file="Tests\test_graphics.py" line="33" name="test_draw_buttons" time="0.002"></testcase><testcase classname="Tests.test_graphics.Test_test_graphics" file="Tests\test_graphics.py" line="47" name="test_draw_debug_units" time="0.003"></testcase><testcase classname="Tests.test_graphics.Test_test_graphics" file="Tests\test_graphics.py" line="21" name="test_draw_stats_player" time="0.003"></testcase><testcase classname="Tests.test_graphics.Test_test_graphics" file="Tests\test_graphics.py" line="27" name="test_draw_unit" time="0.004"></testcase><testcase classname="Tests.test_graphics.Test_test_graphics" file="Tests\test_graphics.py" line="40" name="test_draw_units" time="0.003"></testcase><testcase classname="Tests.test_graphics.Test_test_graphics" file="Tests\test_graphics.py" line="15" name="test_init" time="0.002"></testcase><testcase classname="Tests.test_hol_horse.Test_test_hol_horse" file="Tests\test_hol_horse.py" line="8" name="test_collision" time="0.005"></testcase><testcase classname="Tests.test_last_hamon.Test_test_last_hamon" file="Tests\test_last_hamon.py" line="9" name="test_collision" time="0.000"></testcase><testcase classname="Tests.test_menu.Test_test_menu" file="Tests\test_menu.py" line="82" name="test_continue_c" time="0.001"></testcase><testcase classname="Tests.test_menu.Test_test_menu" file="Tests\test_menu.py" line="75" name="test_exit" time="0.000"></testcase><testcase classname="Tests.test_menu.Test_test_menu" file="Tests\test_menu.py" line="12" name="test_init_scenes" time="0.000"></testcase><testcase classname="Tests.test_menu.Test_test_menu" file="Tests\test_menu.py" line="44" name="test_level_1" time="0.001"></testcase><testcase classname="Tests.test_menu.Test_test_menu" file="Tests\test_menu.py" line="52" name="test_level_2" time="0.001"></testcase><testcase classname="Tests.test_menu.Test_test_menu" file="Tests\test_menu.py" line="60" name="test_level_3" time="0.001"></testcase><testcase classname="Tests.test_menu.Test_test_menu" file="Tests\test_menu.py" line="30" name="test_levels" time="0.001"></testcase><testcase classname="Tests.test_menu.Test_test_menu" file="Tests\test_menu.py" line="15" name="test_main_menu" time="0.002"></testcase><testcase classname="Tests.test_menu.Test_test_menu" file="Tests\test_menu.py" line="23" name="test_main_menu_from_menu" time="0.000"></testcase><testcase classname="Tests.test_menu.Test_test_menu" file="Tests\test_menu.py" line="37" name="test_play" time="0.000"></testcase><testcase classname="Tests.test_menu.Test_test_menu" file="Tests\test_menu.py" line="68" name="test_save_record" time="0.001"></testcase><testcase classname="Tests.test_particle.Test_test_particle" file="Tests\test_particle.py" line="8" name="test_create_cloud" time="0.001"></testcase><testcase classname="Tests.test_particle.Test_test_particle" file="Tests\test_particle.py" line="15" name="test_update" time="0.000"></testcase><testcase classname="Tests.test_player_box.Test_test_player_box" file="Tests\test_player_box.py" line="7" name="test_again" time="0.001"></testcase><testcase classname="Tests.test_player_box.Test_test_player_box" file="Tests\test_player_box.py" line="16" name="test_stop_game" time="0.000"></testcase><testcase classname="Tests.test_space.Test_test_space" file="Tests\test_space.py" line="19" name="test_add_unit" time="0.001"></testcase><testcase classname="Tests.test_space.Test_test_space" file="Tests\test_space.py" line="34" name="test_check_collision" time="0.002"></testcase><testcase classname="Tests.test_space.Test_test_space" file="Tests\test_space.py" line="49" name="test_cleaning" time="0.001"></testcase><testcase classname="Tests.test_space.Test_test_space" file="Tests\test_space.py" line="24" name="test_move_unit" time="0.001"></testcase><testcase classname="Tests.test_star_platinum.Test_test_star_platinum" file="Tests\test_star_platinum.py" line="8" name="test_collision" time="0.001"></testcase><testcase classname="Tests.test_star_platinum.Test_test_star_platinum" file="Tests\test_star_platinum.py" line="18" name="test_update" time="0.001"></testcase><testcase classname="Tests.test_texture_lib.Test_test_texture_lib" file="Tests\test_texture_lib.py" line="7" name="test_init" time="0.115"></testcase><testcase classname="Tests.test_vector.Test_test_vector" file="Tests\test_vector.py" line="6" name="test_A" time="0.001"></testcase></testsuite></testsuites>