<?xml version="1.0" encoding="utf-8"?><testsuites><testsuite errors="0" failures="0" hostname="DESKTOP-454JC8E" name="pytest" skipped="0" tests="4" time="0.041" timestamp="2019-12-19T22:13:07.497734"><testcase classname="Tests.test_space.Test_test_space" file="Tests\test_space.py" line="19" name="test_add_unit" time="0.002"></testcase><testcase classname="Tests.test_space.Test_test_space" file="Tests\test_space.py" line="34" name="test_check_collision" time="0.002"></testcase><testcase classname="Tests.test_space.Test_test_space" file="Tests\test_space.py" line="49" name="test_cleaning" time="0.001"></testcase><testcase classname="Tests.test_space.Test_test_space" file="Tests\test_space.py" line="24" name="test_move_unit" time="0.001"></testcase></testsuite></testsuites>