<?xml version="1.0" encoding="utf-8"?><testsuites><testsuite errors="0" failures="1" hostname="DESKTOP-454JC8E" name="pytest" skipped="0" tests="1" time="0.049" timestamp="2019-12-17T22:20:32.725057"><testcase classname="Tests.test_graphics.Test_test_graphics" file="Tests\test_graphics.py" line="33" name="test_draw_buttons" time="0.002"><failure message="NameError: name &apos;window&apos; is not defined">self = &lt;test_graphics.Test_test_graphics testMethod=test_draw_buttons&gt;

    def test_draw_buttons(self):
        button = MagicMock()
    
        self.graphics.draw_buttons([button, button])
    
&gt;       self.assertTrue(window.blit.called)
E       NameError: name &apos;window&apos; is not defined

Tests\test_graphics.py:39: NameError</failure></testcase></testsuite></testsuites>