<?xml version="1.0" encoding="utf-8"?><testsuites><testsuite errors="0" failures="1" hostname="DESKTOP-454JC8E" name="pytest" skipped="0" tests="35" time="0.268" timestamp="2019-12-19T22:01:31.031271"><testcase classname="Tests.test_asteroid.Test_test_asteroid" file="Tests\test_asteroid.py" line="8" name="test_collision" time="0.001"><failure message="TypeError: &apos;&lt;&apos; not supported between instances of &apos;MagicMock&apos; and &apos;int&apos;">self = &lt;Tests.test_asteroid.Test_test_asteroid testMethod=test_collision&gt;

    def test_collision(self):
        body = Body.simple()
        asteroid = Asteroid.large(body)
        other = MagicMock()
        other.texture = &apos;player&apos;
        other.invisible_cooldown == -1
        space = MagicMock()
    
&gt;       asteroid.collision(other, space)

Tests\test_asteroid.py:17: 
_ _ _ _ _ _ _ _ _ _ _ _ _ _ _ _ _ _ _ _ _ _ _ _ _ _ _ _ _ _ _ _ _ _ _ _ _ _ _ _

self = &lt;Units.Asteroids.Asteroid object at 0x0000022DF2858B08&gt;
other = &lt;MagicMock id=&apos;2396365622728&apos;&gt;, space = &lt;MagicMock id=&apos;2396365744072&apos;&gt;

    def collision(self, other, space):
        if other.texture == &apos;bullet&apos; or other.texture == &quot;hol_horse&quot;:
            self.dead(other, space)
&gt;       elif other.texture == &apos;player&apos; and other.invisible_cooldown &lt; 0:
E       TypeError: &apos;&lt;&apos; not supported between instances of &apos;MagicMock&apos; and &apos;int&apos;

Units\Asteroids.py:47: TypeError</failure></testcase><testcase classname="Tests.test_black_hole.Test_test_black_hole" file="Tests\test_black_hole.py" line="8" name="test_collision" time="0.001"></testcase><testcase classname="Tests.test_black_hole.Test_test_black_hole" file="Tests\test_black_hole.py" line="17" name="test_update" time="0.000"></testcase><testcase classname="Tests.test_body.Test_test_body" file="Tests\test_body.py" line="15" name="test_angle" time="0.000"></testcase><testcase classname="Tests.test_body.Test_test_body" file="Tests\test_body.py" line="7" name="test_simple" time="0.000"></testcase><testcase classname="Tests.test_bullet.Test_test_bullet" file="Tests\test_bullet.py" line="17" name="test_collision" time="0.001"></testcase><testcase classname="Tests.test_bullet.Test_test_bullet" file="Tests\test_bullet.py" line="8" name="test_update" time="0.001"></testcase><testcase classname="Tests.test_graphics.Test_test_graphics" file="Tests\test_graphics.py" line="33" name="test_draw_buttons" time="0.002"></testcase><testcase classname="Tests.test_graphics.Test_test_graphics" file="Tests\test_graphics.py" line="47" name="test_draw_debug_units" time="0.002"></testcase><testcase classname="Tests.test_graphics.Test_test_graphics" file="Tests\test_graphics.py" line="21" name="test_draw_stats_player" time="0.003"></testcase><testcase classname="Tests.test_graphics.Test_test_graphics" file="Tests\test_graphics.py" line="27" name="test_draw_unit" time="0.003"></testcase><testcase classname="Tests.test_graphics.Test_test_graphics" file="Tests\test_graphics.py" line="40" name="test_draw_units" time="0.003"></testcase><testcase classname="Tests.test_graphics.Test_test_graphics" file="Tests\test_graphics.py" line="15" name="test_init" time="0.001"></testcase><testcase classname="Tests.test_hol_horse.Test_test_hol_horse" file="Tests\test_hol_horse.py" line="8" name="test_collision" time="0.001"></testcase><testcase classname="Tests.test_last_hamon.Test_test_last_hamon" file="Tests\test_last_hamon.py" line="9" name="test_collision" time="0.002"></testcase><testcase classname="Tests.test_menu.Test_test_menu" file="Tests\test_menu.py" line="82" name="test_continue_c" time="0.000"></testcase><testcase classname="Tests.test_menu.Test_test_menu" file="Tests\test_menu.py" line="75" name="test_exit" time="0.004"></testcase><testcase classname="Tests.test_menu.Test_test_menu" file="Tests\test_menu.py" line="12" name="test_init_scenes" time="0.001"></testcase><testcase classname="Tests.test_menu.Test_test_menu" file="Tests\test_menu.py" line="44" name="test_level_1" time="0.001"></testcase><testcase classname="Tests.test_menu.Test_test_menu" file="Tests\test_menu.py" line="52" name="test_level_2" time="0.001"></testcase><testcase classname="Tests.test_menu.Test_test_menu" file="Tests\test_menu.py" line="60" name="test_level_3" time="0.002"></testcase><testcase classname="Tests.test_menu.Test_test_menu" file="Tests\test_menu.py" line="30" name="test_levels" time="0.001"></testcase><testcase classname="Tests.test_menu.Test_test_menu" file="Tests\test_menu.py" line="15" name="test_main_menu" time="0.002"></testcase><testcase classname="Tests.test_menu.Test_test_menu" file="Tests\test_menu.py" line="23" name="test_main_menu_from_menu" time="0.001"></testcase><testcase classname="Tests.test_menu.Test_test_menu" file="Tests\test_menu.py" line="37" name="test_play" time="0.001"></testcase><testcase classname="Tests.test_menu.Test_test_menu" file="Tests\test_menu.py" line="68" name="test_save_record" time="0.001"></testcase><testcase classname="Tests.test_particle.Test_test_particle" file="Tests\test_particle.py" line="8" name="test_create_cloud" time="0.000"></testcase><testcase classname="Tests.test_particle.Test_test_particle" file="Tests\test_particle.py" line="15" name="test_update" time="0.001"></testcase><testcase classname="Tests.test_player_box.Test_test_player_box" file="Tests\test_player_box.py" line="7" name="test_again" time="0.002"></testcase><testcase classname="Tests.test_player_box.Test_test_player_box" file="Tests\test_player_box.py" line="16" name="test_stop_game" time="0.001"></testcase><testcase classname="Tests.test_space.Test_test_space" file="Tests\test_space.py" line="17" name="test_add_unit" time="0.001"></testcase><testcase classname="Tests.test_star_platinum.Test_test_star_platinum" file="Tests\test_star_platinum.py" line="8" name="test_collision" time="0.000"></testcase><testcase classname="Tests.test_star_platinum.Test_test_star_platinum" file="Tests\test_star_platinum.py" line="18" name="test_update" time="0.000"></testcase><testcase classname="Tests.test_texture_lib.Test_test_texture_lib" file="Tests\test_texture_lib.py" line="7" name="test_init" time="0.115"></testcase><testcase classname="Tests.test_vector.Test_test_vector" file="Tests\test_vector.py" line="6" name="test_A" time="0.000"></testcase></testsuite></testsuites>