<?xml version="1.0" encoding="utf-8"?><testsuites><testsuite errors="0" failures="0" hostname="DESKTOP-454JC8E" name="pytest" skipped="0" tests="2" time="0.037" timestamp="2019-12-17T21:55:41.136014"><testcase classname="Tests.test_graphics.Test_test_graphics" file="Tests\test_graphics.py" line="18" name="test_draw_stats_player" time="0.004"></testcase><testcase classname="Tests.test_graphics.Test_test_graphics" file="Tests\test_graphics.py" line="10" name="test_init" time="0.001"></testcase></testsuite></testsuites>