<?xml version="1.0" encoding="utf-8"?><testsuites><testsuite errors="0" failures="0" hostname="DESKTOP-454JC8E" name="pytest" skipped="0" tests="2" time="0.013" timestamp="2019-12-18T10:57:23.396405"><testcase classname="Tests.test_player_box.Test_test_player_box" file="Tests\test_player_box.py" line="7" name="test_again" time="0.001"></testcase><testcase classname="Tests.test_player_box.Test_test_player_box" file="Tests\test_player_box.py" line="16" name="test_stop_game" time="0.001"></testcase></testsuite></testsuites>